2017-05-07 10:16:20 - PHP Warning:  mail(): Failed to connect to mailserver at &quot;localhost&quot; port 25, verify your &quot;SMTP&quot; and &quot;smtp_port&quot; setting in php.ini or use ini_set() in F:\xampp\htdocs\opencart\tt_selena\system\library\mail.php on line 158
2017-05-07 10:16:21 - PHP Warning:  mail(): Failed to connect to mailserver at &quot;localhost&quot; port 25, verify your &quot;SMTP&quot; and &quot;smtp_port&quot; setting in php.ini or use ini_set() in F:\xampp\htdocs\opencart\tt_selena\system\library\mail.php on line 158
2017-05-08 16:41:17 - PHP Notice:  Undefined variable: contact_info in F:\xampp\htdocs\opencart\tt_selena\catalog\view\theme\tt_selena1\template\common\footer.tpl on line 7
2017-05-08 16:42:04 - PHP Notice:  Undefined variable: contact_info in F:\xampp\htdocs\opencart\tt_selena\catalog\view\theme\tt_selena1\template\common\footer.tpl on line 7
2017-05-14 6:18:46 - PHP Notice:  Undefined variable: token in F:\xampp\htdocs\opencart\tt_selena\admin\view\template\extension\module\ochozmegamenu.tpl on line 184
2017-05-28 9:21:44 - PHP Notice:  Undefined variable: token in F:\xampp\htdocs\opencart\tt_selena\admin\view\template\extension\module\ochozmegamenu.tpl on line 184
2017-05-28 9:22:30 - PHP Notice:  Undefined variable: token in F:\xampp\htdocs\opencart\tt_selena\admin\view\template\extension\module\ochozmegamenu.tpl on line 184
2017-05-31 16:47:53 - PHP Notice:  Undefined variable: limit in F:\xampp\htdocs\opencart\tt_selena\catalog\view\theme\tt_selena1\template\extension\module\octestimonial.tpl on line 40
2017-05-31 16:47:53 - PHP Notice:  Undefined variable: limit in F:\xampp\htdocs\opencart\tt_selena\catalog\view\theme\tt_selena1\template\extension\module\octestimonial.tpl on line 40
2017-05-31 16:47:53 - PHP Notice:  Undefined variable: limit in F:\xampp\htdocs\opencart\tt_selena\catalog\view\theme\tt_selena1\template\extension\module\octestimonial.tpl on line 40
2017-05-31 16:47:53 - PHP Notice:  Undefined variable: limit in F:\xampp\htdocs\opencart\tt_selena\catalog\view\theme\tt_selena1\template\extension\module\octestimonial.tpl on line 40
2017-05-31 16:47:53 - PHP Notice:  Undefined variable: limit in F:\xampp\htdocs\opencart\tt_selena\catalog\view\theme\tt_selena1\template\extension\module\octestimonial.tpl on line 40
2017-05-31 16:47:53 - PHP Notice:  Undefined variable: limit in F:\xampp\htdocs\opencart\tt_selena\catalog\view\theme\tt_selena1\template\extension\module\octestimonial.tpl on line 40
2017-05-31 16:47:53 - PHP Notice:  Undefined variable: limit in F:\xampp\htdocs\opencart\tt_selena\catalog\view\theme\tt_selena1\template\extension\module\octestimonial.tpl on line 40
2017-05-31 16:47:53 - PHP Notice:  Undefined variable: limit in F:\xampp\htdocs\opencart\tt_selena\catalog\view\theme\tt_selena1\template\extension\module\octestimonial.tpl on line 40
2017-06-05 17:00:18 - PHP Warning:  Illegal string offset 'value' in F:\xampp\htdocs\opencart\tt_selena\catalog\view\theme\tt_selena1\template\product\search.tpl on line 115
2017-06-05 17:00:18 - PHP Warning:  Illegal string offset 'href' in F:\xampp\htdocs\opencart\tt_selena\catalog\view\theme\tt_selena1\template\product\search.tpl on line 118
2017-06-05 17:00:18 - PHP Warning:  Illegal string offset 'text' in F:\xampp\htdocs\opencart\tt_selena\catalog\view\theme\tt_selena1\template\product\search.tpl on line 118
2017-06-05 17:00:18 - PHP Warning:  Illegal string offset 'value' in F:\xampp\htdocs\opencart\tt_selena\catalog\view\theme\tt_selena1\template\product\search.tpl on line 115
2017-06-05 17:00:18 - PHP Warning:  Illegal string offset 'href' in F:\xampp\htdocs\opencart\tt_selena\catalog\view\theme\tt_selena1\template\product\search.tpl on line 118
2017-06-05 17:00:18 - PHP Warning:  Illegal string offset 'text' in F:\xampp\htdocs\opencart\tt_selena\catalog\view\theme\tt_selena1\template\product\search.tpl on line 118
2017-06-05 17:00:18 - PHP Warning:  Illegal string offset 'value' in F:\xampp\htdocs\opencart\tt_selena\catalog\view\theme\tt_selena1\template\product\search.tpl on line 115
2017-06-05 17:00:18 - PHP Warning:  Illegal string offset 'href' in F:\xampp\htdocs\opencart\tt_selena\catalog\view\theme\tt_selena1\template\product\search.tpl on line 118
2017-06-05 17:00:18 - PHP Warning:  Illegal string offset 'text' in F:\xampp\htdocs\opencart\tt_selena\catalog\view\theme\tt_selena1\template\product\search.tpl on line 118
2017-06-05 17:00:18 - PHP Warning:  Illegal string offset 'value' in F:\xampp\htdocs\opencart\tt_selena\catalog\view\theme\tt_selena1\template\product\search.tpl on line 126
2017-06-05 17:00:18 - PHP Warning:  Illegal string offset 'href' in F:\xampp\htdocs\opencart\tt_selena\catalog\view\theme\tt_selena1\template\product\search.tpl on line 129
2017-06-05 17:00:18 - PHP Warning:  Illegal string offset 'text' in F:\xampp\htdocs\opencart\tt_selena\catalog\view\theme\tt_selena1\template\product\search.tpl on line 129
2017-06-11 8:07:01 - PHP Notice:  Undefined index: name in F:\xampp\htdocs\opencart\tt_selena\catalog\view\theme\default\template\extension\module\octabcategoryslider.tpl on line 29
2017-06-11 8:07:01 - PHP Notice:  Undefined index: name in F:\xampp\htdocs\opencart\tt_selena\catalog\view\theme\default\template\extension\module\octabcategoryslider.tpl on line 29
2017-06-11 8:07:01 - PHP Notice:  Undefined index: name in F:\xampp\htdocs\opencart\tt_selena\catalog\view\theme\default\template\extension\module\octabcategoryslider.tpl on line 29
2017-06-11 8:07:01 - PHP Notice:  Undefined index: name in F:\xampp\htdocs\opencart\tt_selena\catalog\view\theme\default\template\extension\module\octabcategoryslider.tpl on line 29
2017-06-12 16:23:01 - PHP Warning:  mail(): Failed to connect to mailserver at &quot;localhost&quot; port 25, verify your &quot;SMTP&quot; and &quot;smtp_port&quot; setting in php.ini or use ini_set() in F:\xampp\htdocs\opencart\tt_selena\system\library\mail.php on line 158
2017-06-12 16:23:42 - PHP Warning:  mail(): Failed to connect to mailserver at &quot;localhost&quot; port 25, verify your &quot;SMTP&quot; and &quot;smtp_port&quot; setting in php.ini or use ini_set() in F:\xampp\htdocs\opencart\tt_selena\system\library\mail.php on line 158
2017-06-12 16:23:43 - PHP Warning:  mail(): Failed to connect to mailserver at &quot;localhost&quot; port 25, verify your &quot;SMTP&quot; and &quot;smtp_port&quot; setting in php.ini or use ini_set() in F:\xampp\htdocs\opencart\tt_selena\system\library\mail.php on line 158
2017-06-15 15:24:08 - PHP Notice:  Undefined index: info in F:\xampp\htdocs\opencart\tt_selena\catalog\controller\extension\module\oc_page_builder.php on line 27
2017-06-15 15:24:08 - PHP Warning:  Invalid argument supplied for foreach() in F:\xampp\htdocs\opencart\tt_selena\catalog\controller\extension\module\oc_page_builder.php on line 27
2017-06-15 15:24:09 - PHP Notice:  Undefined index: info in F:\xampp\htdocs\opencart\tt_selena\catalog\controller\extension\module\oc_page_builder.php on line 27
2017-06-15 15:24:09 - PHP Warning:  Invalid argument supplied for foreach() in F:\xampp\htdocs\opencart\tt_selena\catalog\controller\extension\module\oc_page_builder.php on line 27
2017-06-26 15:50:37 - PHP Notice:  Undefined variable: text_namephone in F:\xampp\htdocs\opencart\tt_selena\catalog\view\theme\tt_selena4\template\common\header.tpl on line 122
2017-06-27 11:35:48 - PHP Notice:  Undefined index: article_description in F:\xampp\htdocs\opencart\tt_selena\admin\controller\blog\articlelist.php on line 382
2017-06-27 11:35:48 - PHP Warning:  Invalid argument supplied for foreach() in F:\xampp\htdocs\opencart\tt_selena\admin\controller\blog\articlelist.php on line 382
2017-07-03 10:49:20 - PHP Notice:  Undefined variable: text_message2 in F:\xampp\htdocs\opencart\tt_selena\catalog\view\theme\tt_selena4\template\common\header.tpl on line 68
2017-07-04 3:55:55 - PHP Notice:  Undefined offset: 0 in F:\xampp\htdocs\opencart\tt_selena\catalog\view\theme\tt_selena1\template\extension\module\ocslideshow.tpl on line 8
2017-07-04 3:55:55 - PHP Notice:  Undefined index: fr-gb in F:\xampp\htdocs\opencart\tt_selena\catalog\controller\extension\module\ocfeaturedcategory.php on line 19
2017-07-04 3:55:55 - PHP Notice:  Undefined index: fr-gb in F:\xampp\htdocs\opencart\tt_selena\catalog\controller\extension\module\octabcategoryslider.php on line 35
2017-07-04 3:55:58 - PHP Notice:  Undefined index: fr-gb in F:\xampp\htdocs\opencart\tt_selena\catalog\controller\extension\module\octestimonial.php on line 15
2017-07-04 3:55:58 - PHP Notice:  Undefined index: fr-gb in F:\xampp\htdocs\opencart\tt_selena\catalog\controller\extension\module\ocbestproductslider.php on line 31
2017-07-04 3:55:58 - PHP Notice:  Undefined index: fr-gb in F:\xampp\htdocs\opencart\tt_selena\catalog\controller\extension\module\ocblog.php on line 21
2017-07-04 3:55:58 - PHP Notice:  Undefined index: fr-gb in F:\xampp\htdocs\opencart\tt_selena\catalog\controller\extension\module\ocnewproductslider.php on line 18
2017-07-04 3:55:58 - PHP Notice:  Undefined index: fr-gb in F:\xampp\htdocs\opencart\tt_selena\catalog\controller\extension\module\ocnewproductslider.php on line 18
2017-07-04 3:56:00 - PHP Notice:  Undefined offset: 0 in F:\xampp\htdocs\opencart\tt_selena\catalog\view\theme\tt_selena1\template\extension\module\ocslideshow.tpl on line 8
2017-07-04 3:56:00 - PHP Notice:  Undefined index: fr-gb in F:\xampp\htdocs\opencart\tt_selena\catalog\controller\extension\module\ocfeaturedcategory.php on line 19
2017-07-04 3:56:00 - PHP Notice:  Undefined index: fr-gb in F:\xampp\htdocs\opencart\tt_selena\catalog\controller\extension\module\octabcategoryslider.php on line 35
2017-07-04 3:56:02 - PHP Notice:  Undefined index: fr-gb in F:\xampp\htdocs\opencart\tt_selena\catalog\controller\extension\module\octestimonial.php on line 15
2017-07-04 3:56:02 - PHP Notice:  Undefined index: fr-gb in F:\xampp\htdocs\opencart\tt_selena\catalog\controller\extension\module\ocbestproductslider.php on line 31
2017-07-04 3:56:02 - PHP Notice:  Undefined index: fr-gb in F:\xampp\htdocs\opencart\tt_selena\catalog\controller\extension\module\ocblog.php on line 21
2017-07-04 3:56:02 - PHP Notice:  Undefined index: fr-gb in F:\xampp\htdocs\opencart\tt_selena\catalog\controller\extension\module\ocnewproductslider.php on line 18
2017-07-04 3:56:02 - PHP Notice:  Undefined index: fr-gb in F:\xampp\htdocs\opencart\tt_selena\catalog\controller\extension\module\ocnewproductslider.php on line 18
2017-07-04 3:56:03 - PHP Notice:  Undefined offset: 0 in F:\xampp\htdocs\opencart\tt_selena\catalog\view\theme\tt_selena1\template\extension\module\ocslideshow.tpl on line 8
2017-07-04 3:56:03 - PHP Notice:  Undefined index: fr-gb in F:\xampp\htdocs\opencart\tt_selena\catalog\controller\extension\module\ocfeaturedcategory.php on line 19
2017-07-04 3:56:03 - PHP Notice:  Undefined index: fr-gb in F:\xampp\htdocs\opencart\tt_selena\catalog\controller\extension\module\octabcategoryslider.php on line 35
2017-07-04 3:56:06 - PHP Notice:  Undefined index: fr-gb in F:\xampp\htdocs\opencart\tt_selena\catalog\controller\extension\module\octestimonial.php on line 15
2017-07-04 3:56:06 - PHP Notice:  Undefined index: fr-gb in F:\xampp\htdocs\opencart\tt_selena\catalog\controller\extension\module\ocbestproductslider.php on line 31
2017-07-04 3:56:06 - PHP Notice:  Undefined index: fr-gb in F:\xampp\htdocs\opencart\tt_selena\catalog\controller\extension\module\ocblog.php on line 21
2017-07-04 3:56:06 - PHP Notice:  Undefined index: fr-gb in F:\xampp\htdocs\opencart\tt_selena\catalog\controller\extension\module\ocnewproductslider.php on line 18
2017-07-04 3:56:06 - PHP Notice:  Undefined index: fr-gb in F:\xampp\htdocs\opencart\tt_selena\catalog\controller\extension\module\ocnewproductslider.php on line 18
2017-07-04 3:56:12 - PHP Notice:  Undefined offset: 0 in F:\xampp\htdocs\opencart\tt_selena\catalog\view\theme\tt_selena1\template\extension\module\ocslideshow.tpl on line 8
2017-07-04 3:56:12 - PHP Notice:  Undefined index: fr-gb in F:\xampp\htdocs\opencart\tt_selena\catalog\controller\extension\module\ocfeaturedcategory.php on line 19
2017-07-04 3:56:12 - PHP Notice:  Undefined index: fr-gb in F:\xampp\htdocs\opencart\tt_selena\catalog\controller\extension\module\octabcategoryslider.php on line 35
2017-07-04 3:56:15 - PHP Notice:  Undefined index: fr-gb in F:\xampp\htdocs\opencart\tt_selena\catalog\controller\extension\module\octestimonial.php on line 15
2017-07-04 3:56:15 - PHP Notice:  Undefined index: fr-gb in F:\xampp\htdocs\opencart\tt_selena\catalog\controller\extension\module\ocbestproductslider.php on line 31
2017-07-04 3:56:15 - PHP Notice:  Undefined index: fr-gb in F:\xampp\htdocs\opencart\tt_selena\catalog\controller\extension\module\ocblog.php on line 21
2017-07-04 3:56:15 - PHP Notice:  Undefined index: fr-gb in F:\xampp\htdocs\opencart\tt_selena\catalog\controller\extension\module\ocnewproductslider.php on line 18
2017-07-04 3:56:15 - PHP Notice:  Undefined index: fr-gb in F:\xampp\htdocs\opencart\tt_selena\catalog\controller\extension\module\ocnewproductslider.php on line 18
2017-07-04 3:58:14 - PHP Notice:  Undefined variable: token in F:\xampp\htdocs\opencart\tt_selena\admin\view\template\extension\module\ochozmegamenu.tpl on line 184
2017-07-04 3:59:00 - PHP Notice:  Undefined offset: 0 in F:\xampp\htdocs\opencart\tt_selena\catalog\view\theme\tt_selena1\template\extension\module\ocslideshow.tpl on line 8
2017-07-04 3:59:03 - PHP Notice:  Undefined index: fr-gb in F:\xampp\htdocs\opencart\tt_selena\catalog\controller\extension\module\octestimonial.php on line 15
2017-07-04 3:59:14 - PHP Notice:  Undefined offset: 0 in F:\xampp\htdocs\opencart\tt_selena\catalog\view\theme\tt_selena1\template\extension\module\ocslideshow.tpl on line 8
2017-07-04 3:59:16 - PHP Notice:  Undefined index: fr-gb in F:\xampp\htdocs\opencart\tt_selena\catalog\controller\extension\module\octestimonial.php on line 15
2017-07-04 3:59:26 - PHP Notice:  Undefined offset: 0 in F:\xampp\htdocs\opencart\tt_selena\catalog\view\theme\tt_selena1\template\extension\module\ocslideshow.tpl on line 8
2017-07-04 3:59:29 - PHP Notice:  Undefined index: fr-gb in F:\xampp\htdocs\opencart\tt_selena\catalog\controller\extension\module\octestimonial.php on line 15
2017-07-04 3:59:42 - PHP Notice:  Undefined offset: 0 in F:\xampp\htdocs\opencart\tt_selena\catalog\view\theme\tt_selena1\template\extension\module\ocslideshow.tpl on line 8
2017-07-04 3:59:45 - PHP Notice:  Undefined index: fr-gb in F:\xampp\htdocs\opencart\tt_selena\catalog\controller\extension\module\octestimonial.php on line 15
2017-07-04 4:00:28 - PHP Notice:  Undefined offset: 0 in F:\xampp\htdocs\opencart\tt_selena\catalog\view\theme\tt_selena1\template\extension\module\ocslideshow.tpl on line 8
2017-07-04 4:00:30 - PHP Notice:  Undefined index: fr-gb in F:\xampp\htdocs\opencart\tt_selena\catalog\controller\extension\module\octestimonial.php on line 15
2017-07-04 4:03:27 - PHP Notice:  Undefined index: fr-gb in F:\xampp\htdocs\opencart\tt_selena\catalog\controller\extension\module\octestimonial.php on line 15
2017-10-09 5:05:52 - PHP Notice:  Error: Could not load template /opt/lampp/htdocs/minhanhshop/catalog/view/theme/default/template/common/column_left.tpl! in /opt/lampp/htdocs/minhanhshop/system/storage/modification/system/library/template/php.php on line 23
2017-10-09 5:06:36 - PHP Notice:  Error: Could not load template /opt/lampp/htdocs/minhanhshop/catalog/view/theme/default/template/common/column_left.tpl! in /opt/lampp/htdocs/minhanhshop/system/storage/modification/system/library/template/php.php on line 23
2017-10-09 5:06:37 - PHP Notice:  Error: Could not load template /opt/lampp/htdocs/minhanhshop/catalog/view/theme/default/template/common/column_left.tpl! in /opt/lampp/htdocs/minhanhshop/system/storage/modification/system/library/template/php.php on line 23
2017-10-09 5:06:37 - PHP Notice:  Error: Could not load template /opt/lampp/htdocs/minhanhshop/catalog/view/theme/default/template/common/column_left.tpl! in /opt/lampp/htdocs/minhanhshop/system/storage/modification/system/library/template/php.php on line 23
2017-10-09 5:06:38 - PHP Notice:  Error: Could not load template /opt/lampp/htdocs/minhanhshop/catalog/view/theme/default/template/common/column_left.tpl! in /opt/lampp/htdocs/minhanhshop/system/storage/modification/system/library/template/php.php on line 23
2017-10-09 5:06:38 - PHP Notice:  Error: Could not load template /opt/lampp/htdocs/minhanhshop/catalog/view/theme/default/template/common/column_left.tpl! in /opt/lampp/htdocs/minhanhshop/system/storage/modification/system/library/template/php.php on line 23
2017-10-09 5:08:02 - PHP Notice:  Error: Could not load template /opt/lampp/htdocs/minhanhshop/catalog/view/theme/default/template/common/column_left.tpl! in /opt/lampp/htdocs/minhanhshop/system/storage/modification/system/library/template/php.php on line 23
2017-10-09 5:08:03 - PHP Notice:  Error: Could not load template /opt/lampp/htdocs/minhanhshop/catalog/view/theme/default/template/common/column_left.tpl! in /opt/lampp/htdocs/minhanhshop/system/storage/modification/system/library/template/php.php on line 23
2017-10-09 5:08:03 - PHP Notice:  Error: Could not load template /opt/lampp/htdocs/minhanhshop/catalog/view/theme/default/template/common/column_left.tpl! in /opt/lampp/htdocs/minhanhshop/system/storage/modification/system/library/template/php.php on line 23
2017-10-09 5:08:04 - PHP Notice:  Error: Could not load template /opt/lampp/htdocs/minhanhshop/catalog/view/theme/default/template/common/column_left.tpl! in /opt/lampp/htdocs/minhanhshop/system/storage/modification/system/library/template/php.php on line 23
2017-10-09 5:08:04 - PHP Notice:  Error: Could not load template /opt/lampp/htdocs/minhanhshop/catalog/view/theme/default/template/common/column_left.tpl! in /opt/lampp/htdocs/minhanhshop/system/storage/modification/system/library/template/php.php on line 23
2017-10-09 5:13:14 - PHP Notice:  Error: Could not load template /opt/lampp/htdocs/minhanhshop/catalog/view/theme/default/template/common/column_left.tpl! in /opt/lampp/htdocs/minhanhshop/system/storage/modification/system/library/template/php.php on line 23
2017-10-09 5:13:15 - PHP Notice:  Error: Could not load template /opt/lampp/htdocs/minhanhshop/catalog/view/theme/default/template/common/column_left.tpl! in /opt/lampp/htdocs/minhanhshop/system/storage/modification/system/library/template/php.php on line 23
2017-10-09 5:13:15 - PHP Notice:  Error: Could not load template /opt/lampp/htdocs/minhanhshop/catalog/view/theme/default/template/common/column_left.tpl! in /opt/lampp/htdocs/minhanhshop/system/storage/modification/system/library/template/php.php on line 23
2017-10-09 5:13:16 - PHP Notice:  Error: Could not load template /opt/lampp/htdocs/minhanhshop/catalog/view/theme/default/template/common/column_left.tpl! in /opt/lampp/htdocs/minhanhshop/system/storage/modification/system/library/template/php.php on line 23
2017-10-09 5:13:16 - PHP Notice:  Error: Could not load template /opt/lampp/htdocs/minhanhshop/catalog/view/theme/default/template/common/column_left.tpl! in /opt/lampp/htdocs/minhanhshop/system/storage/modification/system/library/template/php.php on line 23
2017-10-09 5:13:16 - PHP Notice:  Error: Could not load template /opt/lampp/htdocs/minhanhshop/catalog/view/theme/default/template/common/column_left.tpl! in /opt/lampp/htdocs/minhanhshop/system/storage/modification/system/library/template/php.php on line 23
2017-10-09 5:13:16 - PHP Notice:  Error: Could not load template /opt/lampp/htdocs/minhanhshop/catalog/view/theme/default/template/common/column_left.tpl! in /opt/lampp/htdocs/minhanhshop/system/storage/modification/system/library/template/php.php on line 23
2017-10-09 5:13:17 - PHP Notice:  Error: Could not load template /opt/lampp/htdocs/minhanhshop/catalog/view/theme/default/template/common/column_left.tpl! in /opt/lampp/htdocs/minhanhshop/system/storage/modification/system/library/template/php.php on line 23
2017-10-09 5:13:20 - PHP Notice:  Error: Could not load template /opt/lampp/htdocs/minhanhshop/catalog/view/theme/default/template/common/column_left.tpl! in /opt/lampp/htdocs/minhanhshop/system/storage/modification/system/library/template/php.php on line 23
2017-10-09 5:13:32 - PHP Notice:  Error: Could not load template /opt/lampp/htdocs/minhanhshop/catalog/view/theme/default/template/common/column_left.tpl! in /opt/lampp/htdocs/minhanhshop/system/storage/modification/system/library/template/php.php on line 23
2017-10-09 5:13:33 - PHP Notice:  Error: Could not load template /opt/lampp/htdocs/minhanhshop/catalog/view/theme/default/template/common/column_left.tpl! in /opt/lampp/htdocs/minhanhshop/system/storage/modification/system/library/template/php.php on line 23
2017-10-09 5:13:33 - PHP Notice:  Error: Could not load template /opt/lampp/htdocs/minhanhshop/catalog/view/theme/default/template/common/column_left.tpl! in /opt/lampp/htdocs/minhanhshop/system/storage/modification/system/library/template/php.php on line 23
2017-10-09 5:13:33 - PHP Notice:  Error: Could not load template /opt/lampp/htdocs/minhanhshop/catalog/view/theme/default/template/common/column_left.tpl! in /opt/lampp/htdocs/minhanhshop/system/storage/modification/system/library/template/php.php on line 23
2017-10-09 5:13:34 - PHP Notice:  Error: Could not load template /opt/lampp/htdocs/minhanhshop/catalog/view/theme/default/template/common/column_left.tpl! in /opt/lampp/htdocs/minhanhshop/system/storage/modification/system/library/template/php.php on line 23
