2017-04-24 15:51:46 - MOD: Modification Default

FILE: system/engine/action.php
REGEX: ~(require|include)(_once)?\(([^)]+)~
LINE: 41

FILE: system/engine/loader.php
REGEX: ~(require|include)(_once)?\(([^)]+)~
LINE: 49
LINE: 108
LINE: 120
LINE: 165

FILE: system/library/config.php
REGEX: ~(require|include)(_once)?\(([^)]+)~
LINE: 23

FILE: system/library/language.php
REGEX: ~(require|include)(_once)?\(([^)]+)~
LINE: 38
LINE: 40
LINE: 49
LINE: 51
LINE: 60
LINE: 62

FILE: system/library/template/php.php
REGEX: ~(require|include)(_once)?\(([^)]+)~
LINE: 18

FILE: system/library/template/tiwg.php
REGEX: ~(require|include)(_once)?\(([^)]+)~
LINE: 24
----------------------------------------------------------------
MOD: Blog For Opencart 2.3.x

FILE: admin/controller/common/column_left.php
CODE: if ($this->user->hasPermission('access', 'marketing/marketing')) {
LINE: 397

FILE: admin/controller/extension/theme/theme_default.php
CODE: $this->load->language('extension/theme/theme_default');
LINE: 10
CODE: $data['entry_image_related'] = $this->language->get('entry_image_related');
LINE: 48
CODE: if (isset($this->error['image_related'])) {
LINE: 126
CODE: if (isset($this->request->post['theme_default_image_related_width'])) {
LINE: 336
CODE: if (!$this->request->post['theme_default_image_related_width'] || !$this->request->post['theme_default_image_related_height']) {
LINE: 468

FILE: admin/view/template/extension/theme/theme_default.tpl
CODE: <label class="col-sm-2 control-label" for="input-image-related"><?php echo $entry_image_related; ?></label>
LINE: 196
----------------------------------------------------------------
MOD: Category Thumbnail for v2.3.x by Plaza Themes
CODE: if ($this->user->hasPermission('access', 'catalog/category')) {
LINE: 50
CODE: if ($this->user->hasPermission('access', 'catalog/category')) {
LINE: 71
CODE: if ($this->user->hasPermission('access', 'catalog/product')) {
LINE: 90
----------------------------------------------------------------
MOD: Layered Navigation Ajax by Plaza Themes

FILE: catalog/controller/product/category.php
CODE: $this->response->setOutput($this->load->view('product/category', $data));
LINE: 376
CODE: 'href' => $this->url->link('product/category', 'path=' . $this->request->get['path'] . '_' . $result['category_id'] . $url)
LINE: 162
CODE: $this->url->link('product/category', 'path=' . $this->request->get['path'] . '&sort=p.sort_order&order=ASC' . $url)
LINE: 241
CODE: $this->url->link('product/category', 'path=' . $this->request->get['path'] . '&sort=pd.name&order=ASC' . $url)
LINE: 247
CODE: $this->url->link('product/category', 'path=' . $this->request->get['path'] . '&sort=pd.name&order=DESC' . $url)
LINE: 253
CODE: $this->url->link('product/category', 'path=' . $this->request->get['path'] . '&sort=p.price&order=ASC' . $url)
LINE: 259
CODE: $this->url->link('product/category', 'path=' . $this->request->get['path'] . '&sort=p.price&order=DESC' . $url)
LINE: 265
CODE: $this->url->link('product/category', 'path=' . $this->request->get['path'] . '&sort=rating&order=DESC' . $url)
LINE: 272
CODE: $this->url->link('product/category', 'path=' . $this->request->get['path'] . '&sort=rating&order=ASC' . $url)
LINE: 278
CODE: $this->url->link('product/category', 'path=' . $this->request->get['path'] . '&sort=p.model&order=ASC' . $url)
LINE: 285
CODE: $this->url->link('product/category', 'path=' . $this->request->get['path'] . '&sort=p.model&order=DESC' . $url)
LINE: 291
CODE: $this->url->link('product/category', 'path=' . $this->request->get['path'] . $url . '&limit=' . $value)
LINE: 318
CODE: $pagination->url = $this->url->link('product/category', 'path=' . $this->request->get['path'] . $url . '&page={page}');
LINE: 344

FILE: catalog/model/catalog/product.php
CODE: if (!empty($data['filter_manufacturer_id'])) {
LINE: 161
LINE: 528
----------------------------------------------------------------
MOD: Product Rotator Image by Plaza Themes

FILE: admin/controller/catalog/product.php
CODE: public function index() {
LINE: 10
CODE: $this->load->language('catalog/product');
LINE: 15
LINE: 29
LINE: 85
LINE: 141
LINE: 199
CODE: $data['entry_image'] = $this->language->get('entry_image');
LINE: 439
LINE: 626
CODE: 'sort_order' => $product_image['sort_order']
LINE: 1277

FILE: admin/model/catalog/product.php
CODE: $this->db->query("INSERT INTO " . DB_PREFIX . "product_image SET product_id = '" . (int)$product_id . "', image = '" . $this->db->escape($product_image['image']) . "', sort_order = '" . (int)$product_image['sort_order'] . "'");
LINE: 68
LINE: 205

FILE: admin/view/template/catalog/product_form.tpl
CODE: <td class="text-right"><?php echo $entry_sort_order; ?></td>
LINE: 831
CODE: <td class="text-left"><button type="button" onclick="$('#image-row<?php echo $image_row; ?>').remove();" data-toggle="tooltip" title="<?php echo $button_remove; ?>" class="btn btn-danger"><i class="fa fa-minus-circle"></i></button></td>
LINE: 856
CODE: function addImage() {
LINE: 1386
CODE: $('#images tbody').append(html);
LINE: 1404
CODE: html += '  <td class="text-left"><button type="button" onclick="$(\'#image-row' + image_row  + '\').remove();" data-toggle="tooltip" title="<?php echo $button_remove; ?>" class="btn btn-danger"><i class="fa fa-minus-circle"></i></button></td>';
LINE: 1400
----------------------------------------------------------------
MOD: Search Category by Plaza Themes

FILE: catalog/controller/common/header.php
CODE: $data['search'] = $this->load->controller('common/search');
LINE: 127
----------------------------------------------------------------
MOD: Storage Modification

FILE: admin/model/localisation/language.php
CODE: return $language_id;
LINE: 219
CODE: $this->db->query("DELETE FROM " . DB_PREFIX . "option_description WHERE language_id = '" . (int)$language_id . "'");
LINE: 266

FILE: admin/controller/common/header.php
CODE: $data['title'] = $this->document->getTitle();
LINE: 3

FILE: admin/controller/design/layout.php
CODE: $data['text_column_right'] = $this->language->get('text_column_right');
LINE: 276
CODE: $this->response->setOutput($this->load->view('design/layout_form', $data));
LINE: 441

FILE: admin/language/en-gb/design/layout.php
CODE: $_['text_column_right']   = 'Column Right';
LINE: 24

FILE: catalog/controller/checkout/cart.php
CODE: $json['total'] = sprintf($this->language->get('text_items'), $this->cart->countProducts() + (isset($this->session->data['vouchers']) ? count($this->session->data['vouchers']) : 0), $this->currency->format($total, $this->session->data['currency']));
LINE: 394
LINE: 493

FILE: catalog/controller/common/cart.php
CODE: $data['text_empty'] = $this->language->get('text_empty');
LINE: 53
CODE: $data['products'][] = array(
LINE: 110

FILE: catalog/controller/extension/module/category.php
CODE: if ($category['category_id'] == $data['category_id']) {
LINE: 36
CODE: $data['telephone'] = $this->config->get('config_telephone');
LINE: 96
CODE: return $this->load->view('common/header', $data);
LINE: 176

FILE: catalog/controller/common/footer.php
CODE: $data['text_newsletter'] = $this->language->get('text_newsletter');
LINE: 47
CODE: 'title' => $result['title'],
LINE: 59

FILE: catalog/controller/extension/module/carousel.php
CODE: $this->document->addStyle('catalog/view/javascript/jquery/owl-carousel/owl.carousel.css');
LINE: 8

FILE: catalog/controller/extension/module/banner.php
CODE: $data['banners'] = array();
LINE: 18
CODE: $this->document->addStyle('catalog/view/javascript/jquery/owl-carousel/owl.carousel.css');
LINE: 8
CODE: foreach ($results as $result) {
LINE: 170
LINE: 213
CODE: $data['products'][] = array(
LINE: 298
CODE: $data['header'] = $this->load->controller('common/header');
LINE: 465
LINE: 531
CODE: 'product_id'  => $result['product_id'],
LINE: 306

FILE: catalog/controller/product/product.php
CODE: $results = $this->model_catalog_product->getProductRelated($this->request->get['product_id']);
LINE: 422
CODE: $data['products'][] = array(
LINE: 509
CODE: $data['header'] = $this->load->controller('common/header');
LINE: 550
LINE: 631
CODE: 'rating'      => $rating,
LINE: 525
CODE: $data['header'] = $this->load->controller('common/header');
LINE: 562
LINE: 648
CODE: $data['description'] = html_entity_decode($product_info['description'], ENT_QUOTES, 'UTF-8');
LINE: 274

FILE: catalog/controller/product/special.php
CODE: $data['header'] = $this->load->controller('common/header');
LINE: 286
CODE: $results = $this->model_catalog_product->getProductSpecials($filter_data);
LINE: 114
CODE: $data['products'][] = array(
LINE: 201
CODE: 'rating'      => $result['rating'],
LINE: 217

FILE: catalog/controller/product/search.php
CODE: $data['header'] = $this->load->controller('common/header');
LINE: 494
CODE: $results = $this->model_catalog_product->getProducts($filter_data);
LINE: 229
CODE: $data['products'][] = array(
LINE: 316
CODE: 'rating'      => $result['rating'],
LINE: 332

FILE: catalog/controller/product/manufacturer.php
CODE: $data['header'] = $this->load->controller('common/header');
LINE: 64
LINE: 371
LINE: 420
CODE: $results = $this->model_catalog_product->getProducts($filter_data);
LINE: 198
CODE: $data['products'][] = array(
LINE: 285
CODE: 'rating'      => $result['rating'],
LINE: 301
----------------------------------------------------------------
2017-05-31 16:21:46 - MOD: Modification Default

FILE: system/engine/action.php
REGEX: ~(require|include)(_once)?\(([^)]+)~
LINE: 41

FILE: system/engine/loader.php
REGEX: ~(require|include)(_once)?\(([^)]+)~
LINE: 49
LINE: 108
LINE: 120
LINE: 165

FILE: system/library/config.php
REGEX: ~(require|include)(_once)?\(([^)]+)~
LINE: 23

FILE: system/library/language.php
REGEX: ~(require|include)(_once)?\(([^)]+)~
LINE: 38
LINE: 40
LINE: 49
LINE: 51
LINE: 60
LINE: 62

FILE: system/library/template/php.php
REGEX: ~(require|include)(_once)?\(([^)]+)~
LINE: 18

FILE: system/library/template/tiwg.php
REGEX: ~(require|include)(_once)?\(([^)]+)~
LINE: 24
----------------------------------------------------------------
MOD: Blog For Opencart 2.3.x

FILE: admin/controller/common/column_left.php
CODE: if ($this->user->hasPermission('access', 'marketing/marketing')) {
LINE: 397

FILE: admin/controller/extension/theme/theme_default.php
CODE: $this->load->language('extension/theme/theme_default');
LINE: 10
CODE: $data['entry_image_related'] = $this->language->get('entry_image_related');
LINE: 48
CODE: if (isset($this->error['image_related'])) {
LINE: 126
CODE: if (isset($this->request->post['theme_default_image_related_width'])) {
LINE: 336
CODE: if (!$this->request->post['theme_default_image_related_width'] || !$this->request->post['theme_default_image_related_height']) {
LINE: 468

FILE: admin/view/template/extension/theme/theme_default.tpl
CODE: <label class="col-sm-2 control-label" for="input-image-related"><?php echo $entry_image_related; ?></label>
LINE: 196
----------------------------------------------------------------
MOD: Category Thumbnail for v2.3.x by Plaza Themes
CODE: if ($this->user->hasPermission('access', 'catalog/category')) {
LINE: 50
CODE: if ($this->user->hasPermission('access', 'catalog/category')) {
LINE: 71
CODE: if ($this->user->hasPermission('access', 'catalog/product')) {
LINE: 90
----------------------------------------------------------------
MOD: Layered Navigation Ajax by Plaza Themes

FILE: catalog/controller/product/category.php
CODE: $this->response->setOutput($this->load->view('product/category', $data));
LINE: 376
CODE: 'href' => $this->url->link('product/category', 'path=' . $this->request->get['path'] . '_' . $result['category_id'] . $url)
LINE: 162
CODE: $this->url->link('product/category', 'path=' . $this->request->get['path'] . '&sort=p.sort_order&order=ASC' . $url)
LINE: 241
CODE: $this->url->link('product/category', 'path=' . $this->request->get['path'] . '&sort=pd.name&order=ASC' . $url)
LINE: 247
CODE: $this->url->link('product/category', 'path=' . $this->request->get['path'] . '&sort=pd.name&order=DESC' . $url)
LINE: 253
CODE: $this->url->link('product/category', 'path=' . $this->request->get['path'] . '&sort=p.price&order=ASC' . $url)
LINE: 259
CODE: $this->url->link('product/category', 'path=' . $this->request->get['path'] . '&sort=p.price&order=DESC' . $url)
LINE: 265
CODE: $this->url->link('product/category', 'path=' . $this->request->get['path'] . '&sort=rating&order=DESC' . $url)
LINE: 272
CODE: $this->url->link('product/category', 'path=' . $this->request->get['path'] . '&sort=rating&order=ASC' . $url)
LINE: 278
CODE: $this->url->link('product/category', 'path=' . $this->request->get['path'] . '&sort=p.model&order=ASC' . $url)
LINE: 285
CODE: $this->url->link('product/category', 'path=' . $this->request->get['path'] . '&sort=p.model&order=DESC' . $url)
LINE: 291
CODE: $this->url->link('product/category', 'path=' . $this->request->get['path'] . $url . '&limit=' . $value)
LINE: 318
CODE: $pagination->url = $this->url->link('product/category', 'path=' . $this->request->get['path'] . $url . '&page={page}');
LINE: 344

FILE: catalog/model/catalog/product.php
CODE: if (!empty($data['filter_manufacturer_id'])) {
LINE: 161
LINE: 528
----------------------------------------------------------------
MOD: Product Rotator Image by Plaza Themes

FILE: admin/controller/catalog/product.php
CODE: public function index() {
LINE: 10
CODE: $this->load->language('catalog/product');
LINE: 15
LINE: 29
LINE: 85
LINE: 141
LINE: 199
CODE: $data['entry_image'] = $this->language->get('entry_image');
LINE: 439
LINE: 626
CODE: 'sort_order' => $product_image['sort_order']
LINE: 1277

FILE: admin/model/catalog/product.php
CODE: $this->db->query("INSERT INTO " . DB_PREFIX . "product_image SET product_id = '" . (int)$product_id . "', image = '" . $this->db->escape($product_image['image']) . "', sort_order = '" . (int)$product_image['sort_order'] . "'");
LINE: 68
LINE: 205

FILE: admin/view/template/catalog/product_form.tpl
CODE: <td class="text-right"><?php echo $entry_sort_order; ?></td>
LINE: 831
CODE: <td class="text-left"><button type="button" onclick="$('#image-row<?php echo $image_row; ?>').remove();" data-toggle="tooltip" title="<?php echo $button_remove; ?>" class="btn btn-danger"><i class="fa fa-minus-circle"></i></button></td>
LINE: 856
CODE: function addImage() {
LINE: 1386
CODE: $('#images tbody').append(html);
LINE: 1404
CODE: html += '  <td class="text-left"><button type="button" onclick="$(\'#image-row' + image_row  + '\').remove();" data-toggle="tooltip" title="<?php echo $button_remove; ?>" class="btn btn-danger"><i class="fa fa-minus-circle"></i></button></td>';
LINE: 1400
----------------------------------------------------------------
MOD: Search Category by Plaza Themes

FILE: catalog/controller/common/header.php
CODE: $data['search'] = $this->load->controller('common/search');
LINE: 127
----------------------------------------------------------------
MOD: Storage Modification

FILE: admin/model/localisation/language.php
CODE: return $language_id;
LINE: 219
CODE: $this->db->query("DELETE FROM " . DB_PREFIX . "option_description WHERE language_id = '" . (int)$language_id . "'");
LINE: 266

FILE: admin/controller/common/header.php
CODE: $data['title'] = $this->document->getTitle();
LINE: 3

FILE: admin/controller/design/layout.php
CODE: $data['text_column_right'] = $this->language->get('text_column_right');
LINE: 276
CODE: $this->response->setOutput($this->load->view('design/layout_form', $data));
LINE: 441

FILE: admin/language/en-gb/design/layout.php
CODE: $_['text_column_right']   = 'Column Right';
LINE: 24

FILE: catalog/controller/checkout/cart.php
CODE: $json['total'] = sprintf($this->language->get('text_items'), $this->cart->countProducts() + (isset($this->session->data['vouchers']) ? count($this->session->data['vouchers']) : 0), $this->currency->format($total, $this->session->data['currency']));
LINE: 394
LINE: 493

FILE: catalog/controller/common/cart.php
CODE: $data['text_empty'] = $this->language->get('text_empty');
LINE: 53
CODE: $data['products'][] = array(
LINE: 110

FILE: catalog/controller/extension/module/category.php
CODE: if ($category['category_id'] == $data['category_id']) {
LINE: 36
CODE: $data['telephone'] = $this->config->get('config_telephone');
LINE: 96
CODE: return $this->load->view('common/header', $data);
LINE: 176

FILE: catalog/controller/common/footer.php
CODE: $data['text_newsletter'] = $this->language->get('text_newsletter');
LINE: 47
CODE: 'title' => $result['title'],
LINE: 59

FILE: catalog/controller/extension/module/carousel.php
CODE: $this->document->addStyle('catalog/view/javascript/jquery/owl-carousel/owl.carousel.css');
LINE: 8

FILE: catalog/controller/extension/module/banner.php
CODE: $data['banners'] = array();
LINE: 18
CODE: $this->document->addStyle('catalog/view/javascript/jquery/owl-carousel/owl.carousel.css');
LINE: 8
CODE: foreach ($results as $result) {
LINE: 170
LINE: 213
CODE: $data['products'][] = array(
LINE: 298
CODE: $data['header'] = $this->load->controller('common/header');
LINE: 465
LINE: 531
CODE: 'product_id'  => $result['product_id'],
LINE: 306

FILE: catalog/controller/product/product.php
CODE: $results = $this->model_catalog_product->getProductRelated($this->request->get['product_id']);
LINE: 422
CODE: $data['products'][] = array(
LINE: 509
CODE: $data['header'] = $this->load->controller('common/header');
LINE: 550
LINE: 631
CODE: 'rating'      => $rating,
LINE: 525
CODE: $data['header'] = $this->load->controller('common/header');
LINE: 562
LINE: 648
CODE: $data['description'] = html_entity_decode($product_info['description'], ENT_QUOTES, 'UTF-8');
LINE: 274

FILE: catalog/controller/product/special.php
CODE: $data['header'] = $this->load->controller('common/header');
LINE: 286
CODE: $results = $this->model_catalog_product->getProductSpecials($filter_data);
LINE: 114
CODE: $data['products'][] = array(
LINE: 201
CODE: 'rating'      => $result['rating'],
LINE: 217

FILE: catalog/controller/product/search.php
CODE: $data['header'] = $this->load->controller('common/header');
LINE: 494
CODE: $results = $this->model_catalog_product->getProducts($filter_data);
LINE: 229
CODE: $data['products'][] = array(
LINE: 316
CODE: 'rating'      => $result['rating'],
LINE: 332

FILE: catalog/controller/product/manufacturer.php
CODE: $data['header'] = $this->load->controller('common/header');
LINE: 64
LINE: 371
LINE: 420
CODE: $results = $this->model_catalog_product->getProducts($filter_data);
LINE: 198
CODE: $data['products'][] = array(
LINE: 285
CODE: 'rating'      => $result['rating'],
LINE: 301
----------------------------------------------------------------
MOD: Testimonial by Plaza Themes
CODE: if ($this->user->hasPermission('access', 'catalog/recurring')) {
LINE: 109
CODE: $this->load->language('extension/theme/theme_default');
LINE: 13
CODE: $data['text_product'] = $this->language->get('text_product');
LINE: 35
CODE: $data['entry_product_limit'] = $this->language->get('entry_product_limit');
LINE: 45
CODE: if (isset($this->error['image_related'])) {
LINE: 149
CODE: if (isset($this->request->post['theme_default_image_related_width'])) {
LINE: 384
CODE: if (!$this->request->post['theme_default_image_related_width'] || !$this->request->post['theme_default_image_related_height']) {
LINE: 525
CODE: <legend><?php echo $text_product; ?></legend>
LINE: 73
CODE: <label class="col-sm-2 control-label" for="input-image-related"><?php echo $entry_image_related; ?></label>
LINE: 228
----------------------------------------------------------------
2017-05-31 16:24:59 - MOD: Modification Default

FILE: system/engine/action.php
REGEX: ~(require|include)(_once)?\(([^)]+)~
LINE: 41

FILE: system/engine/loader.php
REGEX: ~(require|include)(_once)?\(([^)]+)~
LINE: 49
LINE: 108
LINE: 120
LINE: 165

FILE: system/library/config.php
REGEX: ~(require|include)(_once)?\(([^)]+)~
LINE: 23

FILE: system/library/language.php
REGEX: ~(require|include)(_once)?\(([^)]+)~
LINE: 38
LINE: 40
LINE: 49
LINE: 51
LINE: 60
LINE: 62

FILE: system/library/template/php.php
REGEX: ~(require|include)(_once)?\(([^)]+)~
LINE: 18

FILE: system/library/template/tiwg.php
REGEX: ~(require|include)(_once)?\(([^)]+)~
LINE: 24
----------------------------------------------------------------
MOD: Blog For Opencart 2.3.x

FILE: admin/controller/common/column_left.php
CODE: if ($this->user->hasPermission('access', 'marketing/marketing')) {
LINE: 397

FILE: admin/controller/extension/theme/theme_default.php
CODE: $this->load->language('extension/theme/theme_default');
LINE: 10
CODE: $data['entry_image_related'] = $this->language->get('entry_image_related');
LINE: 48
CODE: if (isset($this->error['image_related'])) {
LINE: 126
CODE: if (isset($this->request->post['theme_default_image_related_width'])) {
LINE: 336
CODE: if (!$this->request->post['theme_default_image_related_width'] || !$this->request->post['theme_default_image_related_height']) {
LINE: 468

FILE: admin/view/template/extension/theme/theme_default.tpl
CODE: <label class="col-sm-2 control-label" for="input-image-related"><?php echo $entry_image_related; ?></label>
LINE: 196
----------------------------------------------------------------
MOD: Category Thumbnail for v2.3.x by Plaza Themes
CODE: if ($this->user->hasPermission('access', 'catalog/category')) {
LINE: 50
CODE: if ($this->user->hasPermission('access', 'catalog/category')) {
LINE: 71
CODE: if ($this->user->hasPermission('access', 'catalog/product')) {
LINE: 90
----------------------------------------------------------------
MOD: Layered Navigation Ajax by Plaza Themes

FILE: catalog/controller/product/category.php
CODE: $this->response->setOutput($this->load->view('product/category', $data));
LINE: 376
CODE: 'href' => $this->url->link('product/category', 'path=' . $this->request->get['path'] . '_' . $result['category_id'] . $url)
LINE: 162
CODE: $this->url->link('product/category', 'path=' . $this->request->get['path'] . '&sort=p.sort_order&order=ASC' . $url)
LINE: 241
CODE: $this->url->link('product/category', 'path=' . $this->request->get['path'] . '&sort=pd.name&order=ASC' . $url)
LINE: 247
CODE: $this->url->link('product/category', 'path=' . $this->request->get['path'] . '&sort=pd.name&order=DESC' . $url)
LINE: 253
CODE: $this->url->link('product/category', 'path=' . $this->request->get['path'] . '&sort=p.price&order=ASC' . $url)
LINE: 259
CODE: $this->url->link('product/category', 'path=' . $this->request->get['path'] . '&sort=p.price&order=DESC' . $url)
LINE: 265
CODE: $this->url->link('product/category', 'path=' . $this->request->get['path'] . '&sort=rating&order=DESC' . $url)
LINE: 272
CODE: $this->url->link('product/category', 'path=' . $this->request->get['path'] . '&sort=rating&order=ASC' . $url)
LINE: 278
CODE: $this->url->link('product/category', 'path=' . $this->request->get['path'] . '&sort=p.model&order=ASC' . $url)
LINE: 285
CODE: $this->url->link('product/category', 'path=' . $this->request->get['path'] . '&sort=p.model&order=DESC' . $url)
LINE: 291
CODE: $this->url->link('product/category', 'path=' . $this->request->get['path'] . $url . '&limit=' . $value)
LINE: 318
CODE: $pagination->url = $this->url->link('product/category', 'path=' . $this->request->get['path'] . $url . '&page={page}');
LINE: 344

FILE: catalog/model/catalog/product.php
CODE: if (!empty($data['filter_manufacturer_id'])) {
LINE: 161
LINE: 528
----------------------------------------------------------------
MOD: Product Rotator Image by Plaza Themes

FILE: admin/controller/catalog/product.php
CODE: public function index() {
LINE: 10
CODE: $this->load->language('catalog/product');
LINE: 15
LINE: 29
LINE: 85
LINE: 141
LINE: 199
CODE: $data['entry_image'] = $this->language->get('entry_image');
LINE: 439
LINE: 626
CODE: 'sort_order' => $product_image['sort_order']
LINE: 1277

FILE: admin/model/catalog/product.php
CODE: $this->db->query("INSERT INTO " . DB_PREFIX . "product_image SET product_id = '" . (int)$product_id . "', image = '" . $this->db->escape($product_image['image']) . "', sort_order = '" . (int)$product_image['sort_order'] . "'");
LINE: 68
LINE: 205

FILE: admin/view/template/catalog/product_form.tpl
CODE: <td class="text-right"><?php echo $entry_sort_order; ?></td>
LINE: 831
CODE: <td class="text-left"><button type="button" onclick="$('#image-row<?php echo $image_row; ?>').remove();" data-toggle="tooltip" title="<?php echo $button_remove; ?>" class="btn btn-danger"><i class="fa fa-minus-circle"></i></button></td>
LINE: 856
CODE: function addImage() {
LINE: 1386
CODE: $('#images tbody').append(html);
LINE: 1404
CODE: html += '  <td class="text-left"><button type="button" onclick="$(\'#image-row' + image_row  + '\').remove();" data-toggle="tooltip" title="<?php echo $button_remove; ?>" class="btn btn-danger"><i class="fa fa-minus-circle"></i></button></td>';
LINE: 1400
----------------------------------------------------------------
MOD: Search Category by Plaza Themes

FILE: catalog/controller/common/header.php
CODE: $data['search'] = $this->load->controller('common/search');
LINE: 127
----------------------------------------------------------------
MOD: Storage Modification

FILE: admin/model/localisation/language.php
CODE: return $language_id;
LINE: 219
CODE: $this->db->query("DELETE FROM " . DB_PREFIX . "option_description WHERE language_id = '" . (int)$language_id . "'");
LINE: 266

FILE: admin/controller/common/header.php
CODE: $data['title'] = $this->document->getTitle();
LINE: 3

FILE: admin/controller/design/layout.php
CODE: $data['text_column_right'] = $this->language->get('text_column_right');
LINE: 276
CODE: $this->response->setOutput($this->load->view('design/layout_form', $data));
LINE: 441

FILE: admin/language/en-gb/design/layout.php
CODE: $_['text_column_right']   = 'Column Right';
LINE: 24

FILE: catalog/controller/checkout/cart.php
CODE: $json['total'] = sprintf($this->language->get('text_items'), $this->cart->countProducts() + (isset($this->session->data['vouchers']) ? count($this->session->data['vouchers']) : 0), $this->currency->format($total, $this->session->data['currency']));
LINE: 394
LINE: 493

FILE: catalog/controller/common/cart.php
CODE: $data['text_empty'] = $this->language->get('text_empty');
LINE: 53
CODE: $data['products'][] = array(
LINE: 110

FILE: catalog/controller/extension/module/category.php
CODE: if ($category['category_id'] == $data['category_id']) {
LINE: 36
CODE: $data['telephone'] = $this->config->get('config_telephone');
LINE: 96
CODE: return $this->load->view('common/header', $data);
LINE: 176

FILE: catalog/controller/common/footer.php
CODE: $data['text_newsletter'] = $this->language->get('text_newsletter');
LINE: 47
CODE: 'title' => $result['title'],
LINE: 59

FILE: catalog/controller/extension/module/carousel.php
CODE: $this->document->addStyle('catalog/view/javascript/jquery/owl-carousel/owl.carousel.css');
LINE: 8

FILE: catalog/controller/extension/module/banner.php
CODE: $data['banners'] = array();
LINE: 18
CODE: $this->document->addStyle('catalog/view/javascript/jquery/owl-carousel/owl.carousel.css');
LINE: 8
CODE: foreach ($results as $result) {
LINE: 170
LINE: 213
CODE: $data['products'][] = array(
LINE: 298
CODE: $data['header'] = $this->load->controller('common/header');
LINE: 465
LINE: 531
CODE: 'product_id'  => $result['product_id'],
LINE: 306

FILE: catalog/controller/product/product.php
CODE: $results = $this->model_catalog_product->getProductRelated($this->request->get['product_id']);
LINE: 422
CODE: $data['products'][] = array(
LINE: 509
CODE: $data['header'] = $this->load->controller('common/header');
LINE: 550
LINE: 631
CODE: 'rating'      => $rating,
LINE: 525
CODE: $data['header'] = $this->load->controller('common/header');
LINE: 562
LINE: 648
CODE: $data['description'] = html_entity_decode($product_info['description'], ENT_QUOTES, 'UTF-8');
LINE: 274

FILE: catalog/controller/product/special.php
CODE: $data['header'] = $this->load->controller('common/header');
LINE: 286
CODE: $results = $this->model_catalog_product->getProductSpecials($filter_data);
LINE: 114
CODE: $data['products'][] = array(
LINE: 201
CODE: 'rating'      => $result['rating'],
LINE: 217

FILE: catalog/controller/product/search.php
CODE: $data['header'] = $this->load->controller('common/header');
LINE: 494
CODE: $results = $this->model_catalog_product->getProducts($filter_data);
LINE: 229
CODE: $data['products'][] = array(
LINE: 316
CODE: 'rating'      => $result['rating'],
LINE: 332

FILE: catalog/controller/product/manufacturer.php
CODE: $data['header'] = $this->load->controller('common/header');
LINE: 64
LINE: 371
LINE: 420
CODE: $results = $this->model_catalog_product->getProducts($filter_data);
LINE: 198
CODE: $data['products'][] = array(
LINE: 285
CODE: 'rating'      => $result['rating'],
LINE: 301
----------------------------------------------------------------
MOD: Testimonial by Plaza Themes
CODE: if ($this->user->hasPermission('access', 'catalog/recurring')) {
LINE: 109
CODE: $this->load->language('extension/theme/theme_default');
LINE: 13
CODE: $data['text_product'] = $this->language->get('text_product');
LINE: 35
CODE: $data['entry_product_limit'] = $this->language->get('entry_product_limit');
LINE: 45
CODE: if (isset($this->error['image_related'])) {
LINE: 149
CODE: if (isset($this->request->post['theme_default_image_related_width'])) {
LINE: 384
CODE: if (!$this->request->post['theme_default_image_related_width'] || !$this->request->post['theme_default_image_related_height']) {
LINE: 525
CODE: <legend><?php echo $text_product; ?></legend>
LINE: 73
CODE: <label class="col-sm-2 control-label" for="input-image-related"><?php echo $entry_image_related; ?></label>
LINE: 228
----------------------------------------------------------------
2017-05-31 16:41:17 - MOD: Modification Default

FILE: system/engine/action.php
REGEX: ~(require|include)(_once)?\(([^)]+)~
LINE: 41

FILE: system/engine/loader.php
REGEX: ~(require|include)(_once)?\(([^)]+)~
LINE: 49
LINE: 108
LINE: 120
LINE: 165

FILE: system/library/config.php
REGEX: ~(require|include)(_once)?\(([^)]+)~
LINE: 23

FILE: system/library/language.php
REGEX: ~(require|include)(_once)?\(([^)]+)~
LINE: 38
LINE: 40
LINE: 49
LINE: 51
LINE: 60
LINE: 62

FILE: system/library/template/php.php
REGEX: ~(require|include)(_once)?\(([^)]+)~
LINE: 18

FILE: system/library/template/tiwg.php
REGEX: ~(require|include)(_once)?\(([^)]+)~
LINE: 24
----------------------------------------------------------------
MOD: Blog For Opencart 2.3.x

FILE: admin/controller/common/column_left.php
CODE: if ($this->user->hasPermission('access', 'marketing/marketing')) {
LINE: 397

FILE: admin/controller/extension/theme/theme_default.php
CODE: $this->load->language('extension/theme/theme_default');
LINE: 10
CODE: $data['entry_image_related'] = $this->language->get('entry_image_related');
LINE: 48
CODE: if (isset($this->error['image_related'])) {
LINE: 126
CODE: if (isset($this->request->post['theme_default_image_related_width'])) {
LINE: 336
CODE: if (!$this->request->post['theme_default_image_related_width'] || !$this->request->post['theme_default_image_related_height']) {
LINE: 468

FILE: admin/view/template/extension/theme/theme_default.tpl
CODE: <label class="col-sm-2 control-label" for="input-image-related"><?php echo $entry_image_related; ?></label>
LINE: 196
----------------------------------------------------------------
MOD: Category Thumbnail for v2.3.x by Plaza Themes
CODE: if ($this->user->hasPermission('access', 'catalog/category')) {
LINE: 50
CODE: if ($this->user->hasPermission('access', 'catalog/category')) {
LINE: 71
CODE: if ($this->user->hasPermission('access', 'catalog/product')) {
LINE: 90
----------------------------------------------------------------
MOD: Layered Navigation Ajax by Plaza Themes

FILE: catalog/controller/product/category.php
CODE: $this->response->setOutput($this->load->view('product/category', $data));
LINE: 376
CODE: 'href' => $this->url->link('product/category', 'path=' . $this->request->get['path'] . '_' . $result['category_id'] . $url)
LINE: 162
CODE: $this->url->link('product/category', 'path=' . $this->request->get['path'] . '&sort=p.sort_order&order=ASC' . $url)
LINE: 241
CODE: $this->url->link('product/category', 'path=' . $this->request->get['path'] . '&sort=pd.name&order=ASC' . $url)
LINE: 247
CODE: $this->url->link('product/category', 'path=' . $this->request->get['path'] . '&sort=pd.name&order=DESC' . $url)
LINE: 253
CODE: $this->url->link('product/category', 'path=' . $this->request->get['path'] . '&sort=p.price&order=ASC' . $url)
LINE: 259
CODE: $this->url->link('product/category', 'path=' . $this->request->get['path'] . '&sort=p.price&order=DESC' . $url)
LINE: 265
CODE: $this->url->link('product/category', 'path=' . $this->request->get['path'] . '&sort=rating&order=DESC' . $url)
LINE: 272
CODE: $this->url->link('product/category', 'path=' . $this->request->get['path'] . '&sort=rating&order=ASC' . $url)
LINE: 278
CODE: $this->url->link('product/category', 'path=' . $this->request->get['path'] . '&sort=p.model&order=ASC' . $url)
LINE: 285
CODE: $this->url->link('product/category', 'path=' . $this->request->get['path'] . '&sort=p.model&order=DESC' . $url)
LINE: 291
CODE: $this->url->link('product/category', 'path=' . $this->request->get['path'] . $url . '&limit=' . $value)
LINE: 318
CODE: $pagination->url = $this->url->link('product/category', 'path=' . $this->request->get['path'] . $url . '&page={page}');
LINE: 344

FILE: catalog/model/catalog/product.php
CODE: if (!empty($data['filter_manufacturer_id'])) {
LINE: 161
LINE: 528
----------------------------------------------------------------
MOD: Product Rotator Image by Plaza Themes

FILE: admin/controller/catalog/product.php
CODE: public function index() {
LINE: 10
CODE: $this->load->language('catalog/product');
LINE: 15
LINE: 29
LINE: 85
LINE: 141
LINE: 199
CODE: $data['entry_image'] = $this->language->get('entry_image');
LINE: 439
LINE: 626
CODE: 'sort_order' => $product_image['sort_order']
LINE: 1277

FILE: admin/model/catalog/product.php
CODE: $this->db->query("INSERT INTO " . DB_PREFIX . "product_image SET product_id = '" . (int)$product_id . "', image = '" . $this->db->escape($product_image['image']) . "', sort_order = '" . (int)$product_image['sort_order'] . "'");
LINE: 68
LINE: 205

FILE: admin/view/template/catalog/product_form.tpl
CODE: <td class="text-right"><?php echo $entry_sort_order; ?></td>
LINE: 831
CODE: <td class="text-left"><button type="button" onclick="$('#image-row<?php echo $image_row; ?>').remove();" data-toggle="tooltip" title="<?php echo $button_remove; ?>" class="btn btn-danger"><i class="fa fa-minus-circle"></i></button></td>
LINE: 856
CODE: function addImage() {
LINE: 1386
CODE: $('#images tbody').append(html);
LINE: 1404
CODE: html += '  <td class="text-left"><button type="button" onclick="$(\'#image-row' + image_row  + '\').remove();" data-toggle="tooltip" title="<?php echo $button_remove; ?>" class="btn btn-danger"><i class="fa fa-minus-circle"></i></button></td>';
LINE: 1400
----------------------------------------------------------------
MOD: Search Category by Plaza Themes

FILE: catalog/controller/common/header.php
CODE: $data['search'] = $this->load->controller('common/search');
LINE: 127
----------------------------------------------------------------
MOD: Storage Modification

FILE: admin/model/localisation/language.php
CODE: return $language_id;
LINE: 219
CODE: $this->db->query("DELETE FROM " . DB_PREFIX . "option_description WHERE language_id = '" . (int)$language_id . "'");
LINE: 266

FILE: admin/controller/common/header.php
CODE: $data['title'] = $this->document->getTitle();
LINE: 3

FILE: admin/controller/design/layout.php
CODE: $data['text_column_right'] = $this->language->get('text_column_right');
LINE: 276
CODE: $this->response->setOutput($this->load->view('design/layout_form', $data));
LINE: 441

FILE: admin/language/en-gb/design/layout.php
CODE: $_['text_column_right']   = 'Column Right';
LINE: 24

FILE: catalog/controller/checkout/cart.php
CODE: $json['total'] = sprintf($this->language->get('text_items'), $this->cart->countProducts() + (isset($this->session->data['vouchers']) ? count($this->session->data['vouchers']) : 0), $this->currency->format($total, $this->session->data['currency']));
LINE: 394
LINE: 493

FILE: catalog/controller/common/cart.php
CODE: $data['text_empty'] = $this->language->get('text_empty');
LINE: 53
CODE: $data['products'][] = array(
LINE: 110

FILE: catalog/controller/extension/module/category.php
CODE: if ($category['category_id'] == $data['category_id']) {
LINE: 36
CODE: $data['telephone'] = $this->config->get('config_telephone');
LINE: 96
CODE: return $this->load->view('common/header', $data);
LINE: 176

FILE: catalog/controller/common/footer.php
CODE: $data['text_newsletter'] = $this->language->get('text_newsletter');
LINE: 47
CODE: 'title' => $result['title'],
LINE: 59

FILE: catalog/controller/extension/module/carousel.php
CODE: $this->document->addStyle('catalog/view/javascript/jquery/owl-carousel/owl.carousel.css');
LINE: 8

FILE: catalog/controller/extension/module/banner.php
CODE: $data['banners'] = array();
LINE: 18
CODE: $this->document->addStyle('catalog/view/javascript/jquery/owl-carousel/owl.carousel.css');
LINE: 8
CODE: foreach ($results as $result) {
LINE: 170
LINE: 213
CODE: $data['products'][] = array(
LINE: 298
CODE: $data['header'] = $this->load->controller('common/header');
LINE: 465
LINE: 531
CODE: 'product_id'  => $result['product_id'],
LINE: 306

FILE: catalog/controller/product/product.php
CODE: $results = $this->model_catalog_product->getProductRelated($this->request->get['product_id']);
LINE: 422
CODE: $data['products'][] = array(
LINE: 509
CODE: $data['header'] = $this->load->controller('common/header');
LINE: 550
LINE: 631
CODE: 'rating'      => $rating,
LINE: 525
CODE: $data['header'] = $this->load->controller('common/header');
LINE: 562
LINE: 648
CODE: $data['description'] = html_entity_decode($product_info['description'], ENT_QUOTES, 'UTF-8');
LINE: 274

FILE: catalog/controller/product/special.php
CODE: $data['header'] = $this->load->controller('common/header');
LINE: 286
CODE: $results = $this->model_catalog_product->getProductSpecials($filter_data);
LINE: 114
CODE: $data['products'][] = array(
LINE: 201
CODE: 'rating'      => $result['rating'],
LINE: 217

FILE: catalog/controller/product/search.php
CODE: $data['header'] = $this->load->controller('common/header');
LINE: 494
CODE: $results = $this->model_catalog_product->getProducts($filter_data);
LINE: 229
CODE: $data['products'][] = array(
LINE: 316
CODE: 'rating'      => $result['rating'],
LINE: 332

FILE: catalog/controller/product/manufacturer.php
CODE: $data['header'] = $this->load->controller('common/header');
LINE: 64
LINE: 371
LINE: 420
CODE: $results = $this->model_catalog_product->getProducts($filter_data);
LINE: 198
CODE: $data['products'][] = array(
LINE: 285
CODE: 'rating'      => $result['rating'],
LINE: 301
----------------------------------------------------------------
MOD: Testimonial by Plaza Themes
CODE: if ($this->user->hasPermission('access', 'catalog/recurring')) {
LINE: 109
CODE: $this->load->language('extension/theme/theme_default');
LINE: 13
CODE: $data['text_product'] = $this->language->get('text_product');
LINE: 35
CODE: $data['entry_product_limit'] = $this->language->get('entry_product_limit');
LINE: 45
CODE: if (isset($this->error['image_related'])) {
LINE: 149
CODE: if (isset($this->request->post['theme_default_image_related_width'])) {
LINE: 384
CODE: if (!$this->request->post['theme_default_image_related_width'] || !$this->request->post['theme_default_image_related_height']) {
LINE: 525
CODE: <legend><?php echo $text_product; ?></legend>
LINE: 73
CODE: <label class="col-sm-2 control-label" for="input-image-related"><?php echo $entry_image_related; ?></label>
LINE: 228
----------------------------------------------------------------
2017-06-15 15:30:39 - MOD: Modification Default

FILE: system/engine/action.php
REGEX: ~(require|include)(_once)?\(([^)]+)~
LINE: 41

FILE: system/engine/loader.php
REGEX: ~(require|include)(_once)?\(([^)]+)~
LINE: 49
LINE: 108
LINE: 120
LINE: 165

FILE: system/library/config.php
REGEX: ~(require|include)(_once)?\(([^)]+)~
LINE: 23

FILE: system/library/language.php
REGEX: ~(require|include)(_once)?\(([^)]+)~
LINE: 38
LINE: 40
LINE: 49
LINE: 51
LINE: 60
LINE: 62

FILE: system/library/template/php.php
REGEX: ~(require|include)(_once)?\(([^)]+)~
LINE: 18

FILE: system/library/template/tiwg.php
REGEX: ~(require|include)(_once)?\(([^)]+)~
LINE: 24
----------------------------------------------------------------
MOD: Blog For Opencart 2.3.x

FILE: admin/controller/common/column_left.php
CODE: if ($this->user->hasPermission('access', 'marketing/marketing')) {
LINE: 397

FILE: admin/controller/extension/theme/theme_default.php
CODE: $this->load->language('extension/theme/theme_default');
LINE: 10
CODE: $data['entry_image_related'] = $this->language->get('entry_image_related');
LINE: 48
CODE: if (isset($this->error['image_related'])) {
LINE: 126
CODE: if (isset($this->request->post['theme_default_image_related_width'])) {
LINE: 336
CODE: if (!$this->request->post['theme_default_image_related_width'] || !$this->request->post['theme_default_image_related_height']) {
LINE: 468

FILE: admin/view/template/extension/theme/theme_default.tpl
CODE: <label class="col-sm-2 control-label" for="input-image-related"><?php echo $entry_image_related; ?></label>
LINE: 196
----------------------------------------------------------------
MOD: Category Thumbnail for v2.3.x by Plaza Themes
CODE: if ($this->user->hasPermission('access', 'catalog/category')) {
LINE: 50
CODE: if ($this->user->hasPermission('access', 'catalog/category')) {
LINE: 71
CODE: if ($this->user->hasPermission('access', 'catalog/product')) {
LINE: 90
----------------------------------------------------------------
MOD: Layered Navigation Ajax by Plaza Themes

FILE: catalog/controller/product/category.php
CODE: $this->response->setOutput($this->load->view('product/category', $data));
LINE: 376
CODE: 'href' => $this->url->link('product/category', 'path=' . $this->request->get['path'] . '_' . $result['category_id'] . $url)
LINE: 162
CODE: $this->url->link('product/category', 'path=' . $this->request->get['path'] . '&sort=p.sort_order&order=ASC' . $url)
LINE: 241
CODE: $this->url->link('product/category', 'path=' . $this->request->get['path'] . '&sort=pd.name&order=ASC' . $url)
LINE: 247
CODE: $this->url->link('product/category', 'path=' . $this->request->get['path'] . '&sort=pd.name&order=DESC' . $url)
LINE: 253
CODE: $this->url->link('product/category', 'path=' . $this->request->get['path'] . '&sort=p.price&order=ASC' . $url)
LINE: 259
CODE: $this->url->link('product/category', 'path=' . $this->request->get['path'] . '&sort=p.price&order=DESC' . $url)
LINE: 265
CODE: $this->url->link('product/category', 'path=' . $this->request->get['path'] . '&sort=rating&order=DESC' . $url)
LINE: 272
CODE: $this->url->link('product/category', 'path=' . $this->request->get['path'] . '&sort=rating&order=ASC' . $url)
LINE: 278
CODE: $this->url->link('product/category', 'path=' . $this->request->get['path'] . '&sort=p.model&order=ASC' . $url)
LINE: 285
CODE: $this->url->link('product/category', 'path=' . $this->request->get['path'] . '&sort=p.model&order=DESC' . $url)
LINE: 291
CODE: $this->url->link('product/category', 'path=' . $this->request->get['path'] . $url . '&limit=' . $value)
LINE: 318
CODE: $pagination->url = $this->url->link('product/category', 'path=' . $this->request->get['path'] . $url . '&page={page}');
LINE: 344

FILE: catalog/model/catalog/product.php
CODE: if (!empty($data['filter_manufacturer_id'])) {
LINE: 161
LINE: 528
----------------------------------------------------------------
MOD: Product Rotator Image by Plaza Themes

FILE: admin/controller/catalog/product.php
CODE: public function index() {
LINE: 10
CODE: $this->load->language('catalog/product');
LINE: 15
LINE: 29
LINE: 85
LINE: 141
LINE: 199
CODE: $data['entry_image'] = $this->language->get('entry_image');
LINE: 439
LINE: 626
CODE: 'sort_order' => $product_image['sort_order']
LINE: 1277

FILE: admin/model/catalog/product.php
CODE: $this->db->query("INSERT INTO " . DB_PREFIX . "product_image SET product_id = '" . (int)$product_id . "', image = '" . $this->db->escape($product_image['image']) . "', sort_order = '" . (int)$product_image['sort_order'] . "'");
LINE: 68
LINE: 205

FILE: admin/view/template/catalog/product_form.tpl
CODE: <td class="text-right"><?php echo $entry_sort_order; ?></td>
LINE: 831
CODE: <td class="text-left"><button type="button" onclick="$('#image-row<?php echo $image_row; ?>').remove();" data-toggle="tooltip" title="<?php echo $button_remove; ?>" class="btn btn-danger"><i class="fa fa-minus-circle"></i></button></td>
LINE: 856
CODE: function addImage() {
LINE: 1386
CODE: $('#images tbody').append(html);
LINE: 1404
CODE: html += '  <td class="text-left"><button type="button" onclick="$(\'#image-row' + image_row  + '\').remove();" data-toggle="tooltip" title="<?php echo $button_remove; ?>" class="btn btn-danger"><i class="fa fa-minus-circle"></i></button></td>';
LINE: 1400
----------------------------------------------------------------
MOD: Search Category by Plaza Themes

FILE: catalog/controller/common/header.php
CODE: $data['search'] = $this->load->controller('common/search');
LINE: 127
----------------------------------------------------------------
MOD: Storage Modification

FILE: admin/model/localisation/language.php
CODE: return $language_id;
LINE: 219
CODE: $this->db->query("DELETE FROM " . DB_PREFIX . "option_description WHERE language_id = '" . (int)$language_id . "'");
LINE: 266

FILE: admin/controller/common/header.php
CODE: $data['title'] = $this->document->getTitle();
LINE: 3

FILE: admin/controller/design/layout.php
CODE: $data['text_column_right'] = $this->language->get('text_column_right');
LINE: 276
CODE: $this->response->setOutput($this->load->view('design/layout_form', $data));
LINE: 441

FILE: admin/language/en-gb/design/layout.php
CODE: $_['text_column_right']   = 'Column Right';
LINE: 24

FILE: catalog/controller/checkout/cart.php
CODE: $json['total'] = sprintf($this->language->get('text_items'), $this->cart->countProducts() + (isset($this->session->data['vouchers']) ? count($this->session->data['vouchers']) : 0), $this->currency->format($total, $this->session->data['currency']));
LINE: 394
LINE: 493

FILE: catalog/controller/common/cart.php
CODE: $data['text_empty'] = $this->language->get('text_empty');
LINE: 53
CODE: $data['products'][] = array(
LINE: 110

FILE: catalog/controller/extension/module/category.php
CODE: if ($category['category_id'] == $data['category_id']) {
LINE: 36
CODE: $data['telephone'] = $this->config->get('config_telephone');
LINE: 96
CODE: return $this->load->view('common/header', $data);
LINE: 176

FILE: catalog/controller/common/footer.php
CODE: $data['text_newsletter'] = $this->language->get('text_newsletter');
LINE: 47
CODE: 'title' => $result['title'],
LINE: 59

FILE: catalog/controller/extension/module/carousel.php
CODE: $this->document->addStyle('catalog/view/javascript/jquery/owl-carousel/owl.carousel.css');
LINE: 8

FILE: catalog/controller/extension/module/banner.php
CODE: $data['banners'] = array();
LINE: 18
CODE: $this->document->addStyle('catalog/view/javascript/jquery/owl-carousel/owl.carousel.css');
LINE: 8
CODE: foreach ($results as $result) {
LINE: 170
LINE: 213
CODE: $data['products'][] = array(
LINE: 298
CODE: $data['header'] = $this->load->controller('common/header');
LINE: 465
LINE: 531
CODE: 'product_id'  => $result['product_id'],
LINE: 306

FILE: catalog/controller/product/product.php
CODE: $results = $this->model_catalog_product->getProductRelated($this->request->get['product_id']);
LINE: 422
CODE: $data['products'][] = array(
LINE: 509
CODE: $data['header'] = $this->load->controller('common/header');
LINE: 550
LINE: 631
CODE: 'rating'      => $rating,
LINE: 525
CODE: $data['header'] = $this->load->controller('common/header');
LINE: 562
LINE: 648
CODE: $data['description'] = html_entity_decode($product_info['description'], ENT_QUOTES, 'UTF-8');
LINE: 274

FILE: catalog/controller/product/special.php
CODE: $data['header'] = $this->load->controller('common/header');
LINE: 286
CODE: $results = $this->model_catalog_product->getProductSpecials($filter_data);
LINE: 114
CODE: $data['products'][] = array(
LINE: 201
CODE: 'rating'      => $result['rating'],
LINE: 217

FILE: catalog/controller/product/search.php
CODE: $data['header'] = $this->load->controller('common/header');
LINE: 494
CODE: $results = $this->model_catalog_product->getProducts($filter_data);
LINE: 229
CODE: $data['products'][] = array(
LINE: 316
CODE: 'rating'      => $result['rating'],
LINE: 332

FILE: catalog/controller/product/manufacturer.php
CODE: $data['header'] = $this->load->controller('common/header');
LINE: 64
LINE: 371
LINE: 420
CODE: $results = $this->model_catalog_product->getProducts($filter_data);
LINE: 198
CODE: $data['products'][] = array(
LINE: 285
CODE: 'rating'      => $result['rating'],
LINE: 301
----------------------------------------------------------------
MOD: Storage Modification
CODE: return $language_id;
LINE: 241
CODE: $this->db->query("DELETE FROM " . DB_PREFIX . "option_description WHERE language_id = '" . (int)$language_id . "'");
LINE: 288
CODE: $data['title'] = $this->document->getTitle();
NOT FOUND - OPERATIONS ABORTED!
CODE: $data['text_column_right'] = $this->language->get('text_column_right');
LINE: 276
CODE: $this->response->setOutput($this->load->view('design/layout_form', $data));
NOT FOUND - OPERATIONS ABORTED!
CODE: $_['text_column_right']   = 'Column Right';
LINE: 24
CODE: $json['total'] = sprintf($this->language->get('text_items'), $this->cart->countProducts() + (isset($this->session->data['vouchers']) ? count($this->session->data['vouchers']) : 0), $this->currency->format($total, $this->session->data['currency']));
LINE: 395
LINE: 401
LINE: 503
LINE: 509
CODE: $data['text_empty'] = $this->language->get('text_empty');
LINE: 53
CODE: $data['products'][] = array(
LINE: 117
CODE: if ($category['category_id'] == $data['category_id']) {
NOT FOUND - OPERATIONS ABORTED!
CODE: $data['telephone'] = $this->config->get('config_telephone');
LINE: 97
CODE: return $this->load->view('common/header', $data);
LINE: 195
CODE: $data['text_newsletter'] = $this->language->get('text_newsletter');
LINE: 47
CODE: 'title' => $result['title'],
LINE: 86
CODE: $this->document->addStyle('catalog/view/javascript/jquery/owl-carousel/owl.carousel.css');
LINE: 9
CODE: $data['banners'] = array();
LINE: 20
CODE: $this->document->addStyle('catalog/view/javascript/jquery/owl-carousel/owl.carousel.css');
LINE: 9
CODE: foreach ($results as $result) {
LINE: 186
LINE: 245
CODE: $data['products'][] = array(
LINE: 384
CODE: $data['header'] = $this->load->controller('common/header');
LINE: 563
LINE: 634
CODE: 'product_id'  => $result['product_id'],
LINE: 399
CODE: $results = $this->model_catalog_product->getProductRelated($this->request->get['product_id']);
LINE: 441
CODE: $data['products'][] = array(
LINE: 582
CODE: $data['header'] = $this->load->controller('common/header');
LINE: 635
LINE: 726
CODE: 'rating'      => $rating,
LINE: 598
CODE: $data['header'] = $this->load->controller('common/header');
LINE: 647
LINE: 743
CODE: $data['description'] = html_entity_decode($product_info['description'], ENT_QUOTES, 'UTF-8');
LINE: 274
CODE: $data['header'] = $this->load->controller('common/header');
LINE: 363
CODE: $results = $this->model_catalog_product->getProductSpecials($filter_data);
LINE: 114
CODE: $data['products'][] = array(
LINE: 271
CODE: 'rating'      => $result['rating'],
LINE: 287
CODE: $data['header'] = $this->load->controller('common/header');
LINE: 571
CODE: $results = $this->model_catalog_product->getProducts($filter_data);
LINE: 229
CODE: $data['products'][] = array(
LINE: 386
CODE: 'rating'      => $result['rating'],
LINE: 402
CODE: $data['header'] = $this->load->controller('common/header');
LINE: 64
LINE: 454
LINE: 509
CODE: $results = $this->model_catalog_product->getProducts($filter_data);
LINE: 204
CODE: $data['products'][] = array(
LINE: 361
CODE: 'rating'      => $result['rating'],
LINE: 377
----------------------------------------------------------------
